<testsuites id="" name="" tests="5" failures="0" skipped="0" errors="0" time="0.8025709999999999">
<testsuite name="bridge-health.e2e.test.ts" timestamp="2025-08-07T16:33:09.536Z" hostname="API Tests" tests="5" failures="0" skipped="0" time="0.127" errors="0">
<testcase name="Health endpoint should respond with valid status" classname="bridge-health.e2e.test.ts" time="0.046">
</testcase>
<testcase name="Metrics endpoint should provide performance data" classname="bridge-health.e2e.test.ts" time="0.003">
</testcase>
<testcase name="Health endpoint should handle high load" classname="bridge-health.e2e.test.ts" time="0.056">
<system-out>
<![CDATA[Health endpoint handled 10/10 concurrent requests
]]>
</system-out>
</testcase>
<testcase name="Error handling for invalid endpoints" classname="bridge-health.e2e.test.ts" time="0.002">
</testcase>
<testcase name="Response time performance validation" classname="bridge-health.e2e.test.ts" time="0.02">
<system-out>
<![CDATA[Health endpoint response time: 17ms
]]>
</system-out>
</testcase>
</testsuite>
</testsuites>